Using pre-set license
Built from '2020.3/staging' branch; Version is '2020.3.33f1 (915a7af8b0d5) revision 9525882'; Using compiler version '192528614'; Build Type 'Release'
OS: 'Windows 11  (10.0.22621) 64bit Professional' Language: 'en' Physical Memory: 16191 MB
BatchMode: 1, IsHumanControllingUs: 0, StartBugReporterOnCrash: 0, Is64bit: 1, IsPro: 0

COMMAND LINE ARGUMENTS:
C:\Program Files\Unity\Hub\Editor\2020.3.33f1\Editor\Unity.exe
-adb2
-batchMode
-noUpm
-name
AssetImportWorker0
-projectPath
C:/Users/tan-l/Downloads/LTA-Holoapp
-logFile
Logs/AssetImportWorker0.log
-srvPort
51109
Successfully changed project path to: C:/Users/tan-l/Downloads/LTA-Holoapp
C:/Users/tan-l/Downloads/LTA-Holoapp
Using Asset Import Pipeline V2.
Refreshing native plugins compatible for Editor in 233.49 ms, found 35 plugins.
Preloading 2 native plugins for Editor in 8.25 ms.
Initialize engine version: 2020.3.33f1 (915a7af8b0d5)
[Subsystems] Discovering subsystems at path C:/Program Files/Unity/Hub/Editor/2020.3.33f1/Editor/Data/Resources/UnitySubsystems
[Subsystems] Discovering subsystems at path C:/Users/tan-l/Downloads/LTA-Holoapp/Assets
GfxDevice: creating device client; threaded=0
Direct3D:
    Version:  Direct3D 11.0 [level 11.1]
    Renderer: AMD Radeon 630 (ID=0x6987)
    Vendor:   
    VRAM:     2030 MB
    Driver:   30.0.13023.4001
Initialize mono
Mono path[0] = 'C:/Program Files/Unity/Hub/Editor/2020.3.33f1/Editor/Data/Managed'
Mono path[1] = 'C:/Program Files/Unity/Hub/Editor/2020.3.33f1/Editor/Data/MonoBleedingEdge/lib/mono/unityjit'
Mono config path = 'C:/Program Files/Unity/Hub/Editor/2020.3.33f1/Editor/Data/MonoBleedingEdge/etc'
Using monoOptions --debugger-agent=transport=dt_socket,embedding=1,server=y,suspend=n,address=127.0.0.1:56392
Begin MonoManager ReloadAssembly
Registering precompiled unity dll's ...
Register platform support module: C:/Program Files/Unity/Hub/Editor/2020.3.33f1/Editor/Data/PlaybackEngines/WindowsStandaloneSupport/UnityEditor.WindowsStandalone.Extensions.dll
Registered in 0.002254 seconds.
Native extension for WindowsStandalone target not found
Refreshing native plugins compatible for Editor in 106.44 ms, found 35 plugins.
Preloading 2 native plugins for Editor in 0.23 ms.
Mono: successfully reloaded assembly
- Completed reload, in  0.821 seconds
Domain Reload Profiling:
	ReloadAssembly (822ms)
		BeginReloadAssembly (101ms)
			ExecutionOrderSort (0ms)
			DisableScriptedObjects (0ms)
			BackupInstance (0ms)
			ReleaseScriptingObjects (0ms)
			CreateAndSetChildDomain (1ms)
		EndReloadAssembly (641ms)
			LoadAssemblies (99ms)
			RebuildTransferFunctionScriptingTraits (0ms)
			SetupTypeCache (163ms)
			ReleaseScriptCaches (0ms)
			RebuildScriptCaches (34ms)
			SetupLoadedEditorAssemblies (294ms)
				LogAssemblyErrors (0ms)
				InitializePlatformSupportModulesInManaged (3ms)
				SetLoadedEditorAssemblies (0ms)
				RefreshPlugins (107ms)
				BeforeProcessingInitializeOnLoad (22ms)
				ProcessInitializeOnLoadAttributes (119ms)
				ProcessInitializeOnLoadMethodAttributes (42ms)
				AfterProcessingInitializeOnLoad (0ms)
				EditorAssembliesLoaded (0ms)
			ExecutionOrderSort2 (0ms)
			AwakeInstancesAfterBackupRestoration (0ms)
Platform modules already initialized, skipping
Registering precompiled user dll's ...
Registered in 0.093979 seconds.
Begin MonoManager ReloadAssembly
Multiple scripted importers are targeting the extension 'glb' and have all been rejected: Microsoft.MixedReality.Toolkit.Utilities.Gltf.Serialization.Editor.GlbAssetImporter (assembly: C:\Users\tan-l\Downloads\LTA-Holoapp\Library\ScriptAssemblies\Microsoft.MixedReality.Toolkit.Gltf.Importers.dll), Siccity.GLTFUtility.GLBImporter (assembly: C:\Users\tan-l\Downloads\LTA-Holoapp\Library\ScriptAssemblies\Siccity.GLTFUtility.Editor.dll) 
UnityEngine.StackTraceUtility:ExtractStackTrace ()
UnityEngine.DebugLogHandler:LogFormat (UnityEngine.LogType,UnityEngine.Object,string,object[])
UnityEngine.Logger:Log (UnityEngine.LogType,object)
UnityEngine.Debug:LogError (object)
UnityEditor.AssetImporters.ScriptedImporter:RegisterScriptedImporters ()

Multiple scripted importers are targeting the extension 'gltf' and have all been rejected: Microsoft.MixedReality.Toolkit.Utilities.Gltf.Serialization.Editor.GltfAssetImporter (assembly: C:\Users\tan-l\Downloads\LTA-Holoapp\Library\ScriptAssemblies\Microsoft.MixedReality.Toolkit.Gltf.Importers.dll), Siccity.GLTFUtility.GLTFImporter (assembly: C:\Users\tan-l\Downloads\LTA-Holoapp\Library\ScriptAssemblies\Siccity.GLTFUtility.Editor.dll) 
UnityEngine.StackTraceUtility:ExtractStackTrace ()
UnityEngine.DebugLogHandler:LogFormat (UnityEngine.LogType,UnityEngine.Object,string,object[])
UnityEngine.Logger:Log (UnityEngine.LogType,object)
UnityEngine.Debug:LogError (object)
UnityEditor.AssetImporters.ScriptedImporter:RegisterScriptedImporters ()

Native extension for WindowsStandalone target not found
Refreshing native plugins compatible for Editor in 130.97 ms, found 35 plugins.
Preloading 2 native plugins for Editor in 0.24 ms.
Curl error 42: Callback aborted
Curl error 42: Callback aborted
DisplayProgressbar: Restoring NuGet Packages
Curl error 42: Callback aborted
Curl error 42: Callback aborted
Added DLL directory C:\Users\tan-l\Downloads\LTA-Holoapp\Assets\Packages\Microsoft.Windows.MixedReality.DotNetWinRT.0.5.1049\Unity\x64 to the user search path.
UnityEngine.StackTraceUtility:ExtractStackTrace ()
UnityEngine.DebugLogHandler:LogFormat (UnityEngine.LogType,UnityEngine.Object,string,object[])
UnityEngine.Logger:Log (UnityEngine.LogType,object)
UnityEngine.Debug:Log (object)
Microsoft.Windows.MixedReality.DotNetWinRT.Init:.cctor () (at Assets/Packages/Microsoft.Windows.MixedReality.DotNetWinRT.0.5.1049/Unity/Editor/Microsoft.Windows.MixedReality.DotNetWinRT.Init.cs:56)
System.Runtime.CompilerServices.RuntimeHelpers:RunClassConstructor (System.RuntimeTypeHandle)
UnityEditor.EditorAssemblies:ProcessInitializeOnLoadAttributes (System.Type[])

(Filename: Assets/Packages/Microsoft.Windows.MixedReality.DotNetWinRT.0.5.1049/Unity/Editor/Microsoft.Windows.MixedReality.DotNetWinRT.Init.cs Line: 56)

Added DLL directory C:\Users\tan-l\Downloads\LTA-Holoapp\Assets\Packages\Microsoft.VCRTForwarders.140.1.0.7\Unity\x64 to the user search path.
UnityEngine.StackTraceUtility:ExtractStackTrace ()
UnityEngine.DebugLogHandler:LogFormat (UnityEngine.LogType,UnityEngine.Object,string,object[])
UnityEngine.Logger:Log (UnityEngine.LogType,object)
UnityEngine.Debug:Log (object)
InitVCRTForwarders:.cctor () (at Assets/Packages/Microsoft.VCRTForwarders.140.1.0.7/Unity/Editor/InitVCRTForwarders.cs:53)
System.Runtime.CompilerServices.RuntimeHelpers:RunClassConstructor (System.RuntimeTypeHandle)
UnityEditor.EditorAssemblies:ProcessInitializeOnLoadAttributes (System.Type[])

(Filename: Assets/Packages/Microsoft.VCRTForwarders.140.1.0.7/Unity/Editor/InitVCRTForwarders.cs Line: 53)

Added DLL directory C:\Users\tan-l\Downloads\LTA-Holoapp\Assets\Packages\Microsoft.MixedReality.QR.0.5.3019\Unity\x64 to the user search path.
UnityEngine.StackTraceUtility:ExtractStackTrace ()
UnityEngine.DebugLogHandler:LogFormat (UnityEngine.LogType,UnityEngine.Object,string,object[])
UnityEngine.Logger:Log (UnityEngine.LogType,object)
UnityEngine.Debug:Log (object)
Microsoft.MixedReality.QR.Init:.cctor () (at Assets/Packages/Microsoft.MixedReality.QR.0.5.3019/Unity/Editor/Microsoft.MixedReality.QR.Init.cs:60)
System.Runtime.CompilerServices.RuntimeHelpers:RunClassConstructor (System.RuntimeTypeHandle)
UnityEditor.EditorAssemblies:ProcessInitializeOnLoadAttributes (System.Type[])

(Filename: Assets/Packages/Microsoft.MixedReality.QR.0.5.3019/Unity/Editor/Microsoft.MixedReality.QR.Init.cs Line: 60)

Mono: successfully reloaded assembly
- Completed reload, in  7.783 seconds
Domain Reload Profiling:
	ReloadAssembly (7785ms)
		BeginReloadAssembly (219ms)
			ExecutionOrderSort (0ms)
			DisableScriptedObjects (5ms)
			BackupInstance (0ms)
			ReleaseScriptingObjects (0ms)
			CreateAndSetChildDomain (29ms)
		EndReloadAssembly (7455ms)
			LoadAssemblies (297ms)
			RebuildTransferFunctionScriptingTraits (0ms)
			SetupTypeCache (490ms)
			ReleaseScriptCaches (1ms)
			RebuildScriptCaches (104ms)
			SetupLoadedEditorAssemblies (6312ms)
				LogAssemblyErrors (0ms)
				InitializePlatformSupportModulesInManaged (3ms)
				SetLoadedEditorAssemblies (0ms)
				RefreshPlugins (131ms)
				BeforeProcessingInitializeOnLoad (392ms)
				ProcessInitializeOnLoadAttributes (5756ms)
				ProcessInitializeOnLoadMethodAttributes (20ms)
				AfterProcessingInitializeOnLoad (8ms)
				EditorAssembliesLoaded (1ms)
			ExecutionOrderSort2 (0ms)
			AwakeInstancesAfterBackupRestoration (11ms)
Platform modules already initialized, skipping
========================================================================
Worker process is ready to serve import requests
Launched and connected shader compiler UnityShaderCompiler.exe after 0.10 seconds
Refreshing native plugins compatible for Editor in 3.85 ms, found 35 plugins.
Preloading 2 native plugins for Editor in 0.33 ms.
Unloading 4076 Unused Serialized files (Serialized files now loaded: 0)
System memory in use before: 183.8 MB.
System memory in use after: 183.9 MB.

Unloading 157 unused Assets to reduce memory usage. Loaded Objects now: 4425.
Total: 9.226000 ms (FindLiveObjects: 0.627200 ms CreateObjectMapping: 0.433500 ms MarkObjects: 7.864700 ms  DeleteObjects: 0.298600 ms)

AssetImportParameters requested are different than current active one (requested -> active):
  custom:framework-win-MediaFoundation: 216162199b28c13a410421893ffa2e32 -> 
  custom:video-decoder-ogg-theora: a1e56fd34408186e4bbccfd4996cb3dc -> 
  custom:container-muxer-webm: aa71ff27fc2769a1b78a27578f13a17b -> 
  custom:container-demuxer-webm: 4f35f7cbe854078d1ac9338744f61a02 -> 
  custom:container-demuxer-ogg: 62fdf1f143b41e24485cea50d1cbac27 -> 
  custom:video-encoder-webm-vp8: eb34c28f22e8b96e1ab97ce403110664 -> 
  custom:video-codec-MediaFoundation-h265: 746d11721c4dcdbdad8f713fa42b33f4 -> 
  custom:video-decoder-webm-vp8: 9c59270c3fd7afecdb556c50c9e8de78 -> 
  custom:audio-decoder-ogg-vorbis: bf7c407c2cedff20999df2af8eb42d56 -> 
  custom:audio-encoder-webm-vorbis: bf7c407c2cedff20999df2af8eb42d56 -> 
========================================================================
Received Import Request.
  path: Assets/CheckList/Scripts/Checklist.cs
  artifactKey: Guid(eed1547ee810b7542985998aef505291) Importer(815301076,1909f56bfc062723c751e8b465ee728b)
Start importing Assets/CheckList/Scripts/Checklist.cs using Guid(eed1547ee810b7542985998aef505291) Importer(815301076,1909f56bfc062723c751e8b465ee728b)  -> (artifact id: '21c95311351379aae904820420da0380') in 0.155970 seconds 
========================================================================
Received Prepare
Registering precompiled user dll's ...
Registered in 0.209326 seconds.
Begin MonoManager ReloadAssembly
Multiple scripted importers are targeting the extension 'glb' and have all been rejected: Microsoft.MixedReality.Toolkit.Utilities.Gltf.Serialization.Editor.GlbAssetImporter (assembly: C:\Users\tan-l\Downloads\LTA-Holoapp\Library\ScriptAssemblies\Microsoft.MixedReality.Toolkit.Gltf.Importers.dll), Siccity.GLTFUtility.GLBImporter (assembly: C:\Users\tan-l\Downloads\LTA-Holoapp\Library\ScriptAssemblies\Siccity.GLTFUtility.Editor.dll) 
UnityEngine.StackTraceUtility:ExtractStackTrace ()
UnityEngine.DebugLogHandler:LogFormat (UnityEngine.LogType,UnityEngine.Object,string,object[])
UnityEngine.Logger:Log (UnityEngine.LogType,object)
UnityEngine.Debug:LogError (object)
UnityEditor.AssetImporters.ScriptedImporter:RegisterScriptedImporters ()

Multiple scripted importers are targeting the extension 'gltf' and have all been rejected: Microsoft.MixedReality.Toolkit.Utilities.Gltf.Serialization.Editor.GltfAssetImporter (assembly: C:\Users\tan-l\Downloads\LTA-Holoapp\Library\ScriptAssemblies\Microsoft.MixedReality.Toolkit.Gltf.Importers.dll), Siccity.GLTFUtility.GLTFImporter (assembly: C:\Users\tan-l\Downloads\LTA-Holoapp\Library\ScriptAssemblies\Siccity.GLTFUtility.Editor.dll) 
UnityEngine.StackTraceUtility:ExtractStackTrace ()
UnityEngine.DebugLogHandler:LogFormat (UnityEngine.LogType,UnityEngine.Object,string,object[])
UnityEngine.Logger:Log (UnityEngine.LogType,object)
UnityEngine.Debug:LogError (object)
UnityEditor.AssetImporters.ScriptedImporter:RegisterScriptedImporters ()

Native extension for WindowsStandalone target not found
Refreshing native plugins compatible for Editor in 5.14 ms, found 35 plugins.
Preloading 2 native plugins for Editor in 0.42 ms.
Mono: successfully reloaded assembly
- Completed reload, in  3.284 seconds
Domain Reload Profiling:
	ReloadAssembly (3285ms)
		BeginReloadAssembly (226ms)
			ExecutionOrderSort (0ms)
			DisableScriptedObjects (6ms)
			BackupInstance (0ms)
			ReleaseScriptingObjects (0ms)
			CreateAndSetChildDomain (57ms)
		EndReloadAssembly (2960ms)
			LoadAssemblies (410ms)
			RebuildTransferFunctionScriptingTraits (0ms)
			SetupTypeCache (530ms)
			ReleaseScriptCaches (1ms)
			RebuildScriptCaches (90ms)
			SetupLoadedEditorAssemblies (1709ms)
				LogAssemblyErrors (0ms)
				InitializePlatformSupportModulesInManaged (7ms)
				SetLoadedEditorAssemblies (1ms)
				RefreshPlugins (6ms)
				BeforeProcessingInitializeOnLoad (447ms)
				ProcessInitializeOnLoadAttributes (1220ms)
				ProcessInitializeOnLoadMethodAttributes (21ms)
				AfterProcessingInitializeOnLoad (7ms)
				EditorAssembliesLoaded (1ms)
			ExecutionOrderSort2 (0ms)
			AwakeInstancesAfterBackupRestoration (16ms)
Platform modules already initialized, skipping
Switching build target platform(19) subTarget(0) extendedPlatform(0) -> platform(21) subTarget(3) extendedPlatform(0)
Refreshing native plugins compatible for Editor in 2.42 ms, found 35 plugins.
Preloading 2 native plugins for Editor in 0.25 ms.
Unloading 3979 Unused Serialized files (Serialized files now loaded: 0)
System memory in use before: 177.3 MB.
System memory in use after: 177.5 MB.

Unloading 149 unused Assets to reduce memory usage. Loaded Objects now: 4430.
Total: 5.304100 ms (FindLiveObjects: 0.574000 ms CreateObjectMapping: 0.335300 ms MarkObjects: 4.239400 ms  DeleteObjects: 0.153700 ms)

AssetImportParameters requested are different than current active one (requested -> active):
  custom:framework-win-MediaFoundation: 216162199b28c13a410421893ffa2e32 -> 
  custom:video-decoder-ogg-theora: a1e56fd34408186e4bbccfd4996cb3dc -> 
  custom:container-muxer-webm: aa71ff27fc2769a1b78a27578f13a17b -> 
  custom:container-demuxer-webm: 4f35f7cbe854078d1ac9338744f61a02 -> 
  custom:container-demuxer-ogg: 62fdf1f143b41e24485cea50d1cbac27 -> 
  custom:video-encoder-webm-vp8: eb34c28f22e8b96e1ab97ce403110664 -> 
  custom:video-codec-MediaFoundation-h265: 746d11721c4dcdbdad8f713fa42b33f4 -> 
  custom:video-decoder-webm-vp8: 9c59270c3fd7afecdb556c50c9e8de78 -> 
  custom:audio-decoder-ogg-vorbis: bf7c407c2cedff20999df2af8eb42d56 -> 
  custom:audio-encoder-webm-vorbis: bf7c407c2cedff20999df2af8eb42d56 -> 
========================================================================
Received Import Request.
  Time since last request: 352.755468 seconds.
  path: Assets/LTAVerse/SpatialAnchors.unity
  artifactKey: Guid(12f7b15037b104d4c896c8f976e9893d) Importer(815301076,1909f56bfc062723c751e8b465ee728b)
Start importing Assets/LTAVerse/SpatialAnchors.unity using Guid(12f7b15037b104d4c896c8f976e9893d) Importer(815301076,1909f56bfc062723c751e8b465ee728b)  -> (artifact id: 'adeb19eef2b40c7f638e774858becedd') in 0.018185 seconds 
========================================================================
Received Import Request.
  Time since last request: 677.929837 seconds.
  path: Assets/LTAVerse/User.unity
  artifactKey: Guid(6e7205d5033232047b3d52026523e267) Importer(815301076,1909f56bfc062723c751e8b465ee728b)
Start importing Assets/LTAVerse/User.unity using Guid(6e7205d5033232047b3d52026523e267) Importer(815301076,1909f56bfc062723c751e8b465ee728b)  -> (artifact id: 'e503d97052bb992d667ee52e23f7bbd2') in 0.015398 seconds 
========================================================================
Received Import Request.
  Time since last request: 29.359851 seconds.
  path: Assets/LTAVerse/SpatialAnchors.unity
  artifactKey: Guid(12f7b15037b104d4c896c8f976e9893d) Importer(815301076,1909f56bfc062723c751e8b465ee728b)
Start importing Assets/LTAVerse/SpatialAnchors.unity using Guid(12f7b15037b104d4c896c8f976e9893d) Importer(815301076,1909f56bfc062723c751e8b465ee728b)  -> (artifact id: '66d5533b49f9b871eeca5d5c7c5ab99a') in 0.015271 seconds 
========================================================================
Received Import Request.
  Time since last request: 87.213869 seconds.
  path: Packages/com.microsoft.mixedreality.toolkit.foundation/SDK/Features/UX/Prefabs/Tooltips/Bezier ToolTip.prefab
  artifactKey: Guid(08b79a69f78da1d4aa8e117f1cbd9cef) Importer(815301076,1909f56bfc062723c751e8b465ee728b)
Start importing Packages/com.microsoft.mixedreality.toolkit.foundation/SDK/Features/UX/Prefabs/Tooltips/Bezier ToolTip.prefab using Guid(08b79a69f78da1d4aa8e117f1cbd9cef) Importer(815301076,1909f56bfc062723c751e8b465ee728b)  -> (artifact id: 'dd664802b46deec1f87dc2957a75a389') in 0.266431 seconds 
========================================================================
Received Import Request.
  Time since last request: 0.000367 seconds.
  path: Packages/com.microsoft.mixedreality.toolkit.foundation/SDK/Features/UX/Prefabs/Tooltips/Spline ToolTip.prefab
  artifactKey: Guid(44ac04f8e1e21474991e4b59809859f4) Importer(815301076,1909f56bfc062723c751e8b465ee728b)
Start importing Packages/com.microsoft.mixedreality.toolkit.foundation/SDK/Features/UX/Prefabs/Tooltips/Spline ToolTip.prefab using Guid(44ac04f8e1e21474991e4b59809859f4) Importer(815301076,1909f56bfc062723c751e8b465ee728b)  -> (artifact id: 'f74ce42364b4797e18cbe405f9d24d19') in 0.045155 seconds 
========================================================================
Received Import Request.
  Time since last request: 0.000396 seconds.
  path: Packages/com.microsoft.mixedreality.toolkit.foundation/SDK/Features/UX/Prefabs/Tooltips/Constrained Parabola Tooltip.prefab
  artifactKey: Guid(4e88d209b9ebe8b42a4d4748bd9b7141) Importer(815301076,1909f56bfc062723c751e8b465ee728b)
Start importing Packages/com.microsoft.mixedreality.toolkit.foundation/SDK/Features/UX/Prefabs/Tooltips/Constrained Parabola Tooltip.prefab using Guid(4e88d209b9ebe8b42a4d4748bd9b7141) Importer(815301076,1909f56bfc062723c751e8b465ee728b)  -> (artifact id: '219711303b76d8ca854bd65c3da7450b') in 0.042592 seconds 
========================================================================
Received Import Request.
  Time since last request: 0.000550 seconds.
  path: Packages/com.microsoft.mixedreality.toolkit.foundation/SDK/Features/UX/Prefabs/Tooltips/SpeechConfirmationTooltip.prefab
  artifactKey: Guid(271778f6c957b524981067a81d238394) Importer(815301076,1909f56bfc062723c751e8b465ee728b)
Start importing Packages/com.microsoft.mixedreality.toolkit.foundation/SDK/Features/UX/Prefabs/Tooltips/SpeechConfirmationTooltip.prefab using Guid(271778f6c957b524981067a81d238394) Importer(815301076,1909f56bfc062723c751e8b465ee728b)  -> (artifact id: '1cd3ab613f93f4a161df37809bc3f3be') in 0.088629 seconds 
========================================================================
Received Import Request.
  Time since last request: 0.000459 seconds.
  path: Packages/com.microsoft.mixedreality.toolkit.foundation/SDK/Features/UX/Prefabs/Tooltips/Simple Line ToolTip.prefab
  artifactKey: Guid(afaef0108a478c44a9eac26658bc29bf) Importer(815301076,1909f56bfc062723c751e8b465ee728b)
Start importing Packages/com.microsoft.mixedreality.toolkit.foundation/SDK/Features/UX/Prefabs/Tooltips/Simple Line ToolTip.prefab using Guid(afaef0108a478c44a9eac26658bc29bf) Importer(815301076,1909f56bfc062723c751e8b465ee728b)  -> (artifact id: 'f36d5822458bf7c358948883204260d6') in 0.038771 seconds 
========================================================================
Received Import Request.
  Time since last request: 0.000408 seconds.
  path: Packages/com.microsoft.mixedreality.toolkit.foundation/SDK/Features/UX/Prefabs/Tooltips/LabelOnlyTooltip.prefab
  artifactKey: Guid(247dc8aebe30ca2408e8293a883c75df) Importer(815301076,1909f56bfc062723c751e8b465ee728b)
Start importing Packages/com.microsoft.mixedreality.toolkit.foundation/SDK/Features/UX/Prefabs/Tooltips/LabelOnlyTooltip.prefab using Guid(247dc8aebe30ca2408e8293a883c75df) Importer(815301076,1909f56bfc062723c751e8b465ee728b)  -> (artifact id: '97f3b3545acc088df0ef043f64699d5c') in 0.040076 seconds 
========================================================================
Received Import Request.
  Time since last request: 27.010065 seconds.
  path: Assets/Shared/Comp 1.mp4
  artifactKey: Guid(f87bdc9fa20593942a66c85e454cd72f) Importer(815301076,1909f56bfc062723c751e8b465ee728b)
Start importing Assets/Shared/Comp 1.mp4 using Guid(f87bdc9fa20593942a66c85e454cd72f) Importer(815301076,1909f56bfc062723c751e8b465ee728b)  -> (artifact id: '43916284c4b5edcbbccce253a910fdfe') in 0.271989 seconds 
========================================================================
Received Import Request.
  Time since last request: 0.000443 seconds.
  path: Assets/Shared/Comp 2.mp4
  artifactKey: Guid(ae4a1106bd2509445857ba01fc739a52) Importer(815301076,1909f56bfc062723c751e8b465ee728b)
Start importing Assets/Shared/Comp 2.mp4 using Guid(ae4a1106bd2509445857ba01fc739a52) Importer(815301076,1909f56bfc062723c751e8b465ee728b)  -> (artifact id: 'a2d25c601e90bc3068cefe7019039061') in 0.008585 seconds 
========================================================================
Received Import Request.
  Time since last request: 1.582465 seconds.
  path: Assets/Shared/Scenes
  artifactKey: Guid(5b9707812807f4c49a8b62106eaef227) Importer(815301076,1909f56bfc062723c751e8b465ee728b)
Start importing Assets/Shared/Scenes using Guid(5b9707812807f4c49a8b62106eaef227) Importer(815301076,1909f56bfc062723c751e8b465ee728b)  -> (artifact id: '63a5bfacc1c7edfc1fdc78dc95ef43f4') in 0.011777 seconds 
========================================================================
Received Import Request.
  Time since last request: 162.439802 seconds.
  path: Assets/LTAVerse/ModelLoader.cs
  artifactKey: Guid(890a87341214b6c41813de4f2def3294) Importer(815301076,1909f56bfc062723c751e8b465ee728b)
Start importing Assets/LTAVerse/ModelLoader.cs using Guid(890a87341214b6c41813de4f2def3294) Importer(815301076,1909f56bfc062723c751e8b465ee728b)  -> (artifact id: '01141ecff40d65068575aae1ae8ff219') in 0.328395 seconds 
========================================================================
Received Import Request.
  Time since last request: 57.816917 seconds.
  path: Assets/LTAVerse/ModelLoader.cs
  artifactKey: Guid(890a87341214b6c41813de4f2def3294) Importer(815301076,1909f56bfc062723c751e8b465ee728b)
Start importing Assets/LTAVerse/ModelLoader.cs using Guid(890a87341214b6c41813de4f2def3294) Importer(815301076,1909f56bfc062723c751e8b465ee728b)  -> (artifact id: '42879e0edee23269121a09ad46da2311') in 0.012483 seconds 
========================================================================
Received Prepare
Registering precompiled user dll's ...
Registered in 0.461811 seconds.
Begin MonoManager ReloadAssembly
Multiple scripted importers are targeting the extension 'glb' and have all been rejected: Microsoft.MixedReality.Toolkit.Utilities.Gltf.Serialization.Editor.GlbAssetImporter (assembly: C:\Users\tan-l\Downloads\LTA-Holoapp\Library\ScriptAssemblies\Microsoft.MixedReality.Toolkit.Gltf.Importers.dll), Siccity.GLTFUtility.GLBImporter (assembly: C:\Users\tan-l\Downloads\LTA-Holoapp\Library\ScriptAssemblies\Siccity.GLTFUtility.Editor.dll) 
UnityEngine.StackTraceUtility:ExtractStackTrace ()
UnityEngine.DebugLogHandler:LogFormat (UnityEngine.LogType,UnityEngine.Object,string,object[])
UnityEngine.Logger:Log (UnityEngine.LogType,object)
UnityEngine.Debug:LogError (object)
UnityEditor.AssetImporters.ScriptedImporter:RegisterScriptedImporters ()

Multiple scripted importers are targeting the extension 'gltf' and have all been rejected: Microsoft.MixedReality.Toolkit.Utilities.Gltf.Serialization.Editor.GltfAssetImporter (assembly: C:\Users\tan-l\Downloads\LTA-Holoapp\Library\ScriptAssemblies\Microsoft.MixedReality.Toolkit.Gltf.Importers.dll), Siccity.GLTFUtility.GLTFImporter (assembly: C:\Users\tan-l\Downloads\LTA-Holoapp\Library\ScriptAssemblies\Siccity.GLTFUtility.Editor.dll) 
UnityEngine.StackTraceUtility:ExtractStackTrace ()
UnityEngine.DebugLogHandler:LogFormat (UnityEngine.LogType,UnityEngine.Object,string,object[])
UnityEngine.Logger:Log (UnityEngine.LogType,object)
UnityEngine.Debug:LogError (object)
UnityEditor.AssetImporters.ScriptedImporter:RegisterScriptedImporters ()

Native extension for WindowsStandalone target not found
Refreshing native plugins compatible for Editor in 10.93 ms, found 35 plugins.
Preloading 2 native plugins for Editor in 0.89 ms.
Mono: successfully reloaded assembly
- Completed reload, in 11.541 seconds
Domain Reload Profiling:
	ReloadAssembly (11543ms)
		BeginReloadAssembly (522ms)
			ExecutionOrderSort (0ms)
			DisableScriptedObjects (23ms)
			BackupInstance (0ms)
			ReleaseScriptingObjects (0ms)
			CreateAndSetChildDomain (138ms)
		EndReloadAssembly (10771ms)
			LoadAssemblies (743ms)
			RebuildTransferFunctionScriptingTraits (0ms)
			SetupTypeCache (1994ms)
			ReleaseScriptCaches (2ms)
			RebuildScriptCaches (356ms)
			SetupLoadedEditorAssemblies (6663ms)
				LogAssemblyErrors (0ms)
				InitializePlatformSupportModulesInManaged (14ms)
				SetLoadedEditorAssemblies (3ms)
				RefreshPlugins (12ms)
				BeforeProcessingInitializeOnLoad (1996ms)
				ProcessInitializeOnLoadAttributes (4541ms)
				ProcessInitializeOnLoadMethodAttributes (72ms)
				AfterProcessingInitializeOnLoad (24ms)
				EditorAssembliesLoaded (1ms)
			ExecutionOrderSort2 (0ms)
			AwakeInstancesAfterBackupRestoration (62ms)
Platform modules already initialized, skipping
Switching build target platform(19) subTarget(0) extendedPlatform(0) -> platform(21) subTarget(3) extendedPlatform(0)
Refreshing native plugins compatible for Editor in 9.62 ms, found 35 plugins.
Preloading 2 native plugins for Editor in 0.89 ms.
Unloading 3979 Unused Serialized files (Serialized files now loaded: 0)
System memory in use before: 180.4 MB.
System memory in use after: 180.6 MB.

Unloading 150 unused Assets to reduce memory usage. Loaded Objects now: 4443.
Total: 17.250400 ms (FindLiveObjects: 1.733600 ms CreateObjectMapping: 0.954500 ms MarkObjects: 14.098000 ms  DeleteObjects: 0.460300 ms)

AssetImportParameters requested are different than current active one (requested -> active):
  custom:framework-win-MediaFoundation: 216162199b28c13a410421893ffa2e32 -> 
  custom:video-decoder-ogg-theora: a1e56fd34408186e4bbccfd4996cb3dc -> 
  custom:container-muxer-webm: aa71ff27fc2769a1b78a27578f13a17b -> 
  custom:container-demuxer-webm: 4f35f7cbe854078d1ac9338744f61a02 -> 
  custom:container-demuxer-ogg: 62fdf1f143b41e24485cea50d1cbac27 -> 
  custom:video-encoder-webm-vp8: eb34c28f22e8b96e1ab97ce403110664 -> 
  custom:video-codec-MediaFoundation-h265: 746d11721c4dcdbdad8f713fa42b33f4 -> 
  custom:video-decoder-webm-vp8: 9c59270c3fd7afecdb556c50c9e8de78 -> 
  custom:audio-decoder-ogg-vorbis: bf7c407c2cedff20999df2af8eb42d56 -> 
  custom:audio-encoder-webm-vorbis: bf7c407c2cedff20999df2af8eb42d56 -> 
========================================================================
Received Prepare
Registering precompiled user dll's ...
Registered in 0.150112 seconds.
Begin MonoManager ReloadAssembly
Multiple scripted importers are targeting the extension 'glb' and have all been rejected: Microsoft.MixedReality.Toolkit.Utilities.Gltf.Serialization.Editor.GlbAssetImporter (assembly: C:\Users\tan-l\Downloads\LTA-Holoapp\Library\ScriptAssemblies\Microsoft.MixedReality.Toolkit.Gltf.Importers.dll), Siccity.GLTFUtility.GLBImporter (assembly: C:\Users\tan-l\Downloads\LTA-Holoapp\Library\ScriptAssemblies\Siccity.GLTFUtility.Editor.dll) 
UnityEngine.StackTraceUtility:ExtractStackTrace ()
UnityEngine.DebugLogHandler:LogFormat (UnityEngine.LogType,UnityEngine.Object,string,object[])
UnityEngine.Logger:Log (UnityEngine.LogType,object)
UnityEngine.Debug:LogError (object)
UnityEditor.AssetImporters.ScriptedImporter:RegisterScriptedImporters ()

Multiple scripted importers are targeting the extension 'gltf' and have all been rejected: Microsoft.MixedReality.Toolkit.Utilities.Gltf.Serialization.Editor.GltfAssetImporter (assembly: C:\Users\tan-l\Downloads\LTA-Holoapp\Library\ScriptAssemblies\Microsoft.MixedReality.Toolkit.Gltf.Importers.dll), Siccity.GLTFUtility.GLTFImporter (assembly: C:\Users\tan-l\Downloads\LTA-Holoapp\Library\ScriptAssemblies\Siccity.GLTFUtility.Editor.dll) 
UnityEngine.StackTraceUtility:ExtractStackTrace ()
UnityEngine.DebugLogHandler:LogFormat (UnityEngine.LogType,UnityEngine.Object,string,object[])
UnityEngine.Logger:Log (UnityEngine.LogType,object)
UnityEngine.Debug:LogError (object)
UnityEditor.AssetImporters.ScriptedImporter:RegisterScriptedImporters ()

Native extension for WindowsStandalone target not found
Refreshing native plugins compatible for Editor in 4.35 ms, found 35 plugins.
Preloading 2 native plugins for Editor in 0.46 ms.
Mono: successfully reloaded assembly
- Completed reload, in  4.864 seconds
Domain Reload Profiling:
	ReloadAssembly (4865ms)
		BeginReloadAssembly (347ms)
			ExecutionOrderSort (0ms)
			DisableScriptedObjects (14ms)
			BackupInstance (0ms)
			ReleaseScriptingObjects (0ms)
			CreateAndSetChildDomain (88ms)
		EndReloadAssembly (4356ms)
			LoadAssemblies (673ms)
			RebuildTransferFunctionScriptingTraits (0ms)
			SetupTypeCache (887ms)
			ReleaseScriptCaches (2ms)
			RebuildScriptCaches (123ms)
			SetupLoadedEditorAssemblies (2377ms)
				LogAssemblyErrors (0ms)
				InitializePlatformSupportModulesInManaged (8ms)
				SetLoadedEditorAssemblies (1ms)
				RefreshPlugins (5ms)
				BeforeProcessingInitializeOnLoad (706ms)
				ProcessInitializeOnLoadAttributes (1619ms)
				ProcessInitializeOnLoadMethodAttributes (26ms)
				AfterProcessingInitializeOnLoad (10ms)
				EditorAssembliesLoaded (1ms)
			ExecutionOrderSort2 (0ms)
			AwakeInstancesAfterBackupRestoration (14ms)
Platform modules already initialized, skipping
Switching build target platform(19) subTarget(0) extendedPlatform(0) -> platform(21) subTarget(3) extendedPlatform(0)
Refreshing native plugins compatible for Editor in 4.32 ms, found 35 plugins.
Preloading 2 native plugins for Editor in 0.43 ms.
Unloading 3979 Unused Serialized files (Serialized files now loaded: 0)
System memory in use before: 180.5 MB.
System memory in use after: 180.6 MB.

Unloading 149 unused Assets to reduce memory usage. Loaded Objects now: 4448.
Total: 8.075400 ms (FindLiveObjects: 0.772600 ms CreateObjectMapping: 0.520700 ms MarkObjects: 6.490200 ms  DeleteObjects: 0.288600 ms)

AssetImportParameters requested are different than current active one (requested -> active):
  custom:framework-win-MediaFoundation: 216162199b28c13a410421893ffa2e32 -> 
  custom:video-decoder-ogg-theora: a1e56fd34408186e4bbccfd4996cb3dc -> 
  custom:container-muxer-webm: aa71ff27fc2769a1b78a27578f13a17b -> 
  custom:container-demuxer-webm: 4f35f7cbe854078d1ac9338744f61a02 -> 
  custom:container-demuxer-ogg: 62fdf1f143b41e24485cea50d1cbac27 -> 
  custom:video-encoder-webm-vp8: eb34c28f22e8b96e1ab97ce403110664 -> 
  custom:video-codec-MediaFoundation-h265: 746d11721c4dcdbdad8f713fa42b33f4 -> 
  custom:video-decoder-webm-vp8: 9c59270c3fd7afecdb556c50c9e8de78 -> 
  custom:audio-decoder-ogg-vorbis: bf7c407c2cedff20999df2af8eb42d56 -> 
  custom:audio-encoder-webm-vorbis: bf7c407c2cedff20999df2af8eb42d56 -> 
========================================================================
Received Import Request.
  Time since last request: 70.332641 seconds.
  path: Assets/LTAVerse/ModelLoader.cs
  artifactKey: Guid(890a87341214b6c41813de4f2def3294) Importer(815301076,1909f56bfc062723c751e8b465ee728b)
Start importing Assets/LTAVerse/ModelLoader.cs using Guid(890a87341214b6c41813de4f2def3294) Importer(815301076,1909f56bfc062723c751e8b465ee728b)  -> (artifact id: '0a6e08175f0899b84db85b65e3e794a6') in 0.021607 seconds 
========================================================================
Received Prepare
Registering precompiled user dll's ...
Registered in 0.358660 seconds.
Begin MonoManager ReloadAssembly
Multiple scripted importers are targeting the extension 'glb' and have all been rejected: Microsoft.MixedReality.Toolkit.Utilities.Gltf.Serialization.Editor.GlbAssetImporter (assembly: C:\Users\tan-l\Downloads\LTA-Holoapp\Library\ScriptAssemblies\Microsoft.MixedReality.Toolkit.Gltf.Importers.dll), Siccity.GLTFUtility.GLBImporter (assembly: C:\Users\tan-l\Downloads\LTA-Holoapp\Library\ScriptAssemblies\Siccity.GLTFUtility.Editor.dll) 
UnityEngine.StackTraceUtility:ExtractStackTrace ()
UnityEngine.DebugLogHandler:LogFormat (UnityEngine.LogType,UnityEngine.Object,string,object[])
UnityEngine.Logger:Log (UnityEngine.LogType,object)
UnityEngine.Debug:LogError (object)
UnityEditor.AssetImporters.ScriptedImporter:RegisterScriptedImporters ()

Multiple scripted importers are targeting the extension 'gltf' and have all been rejected: Microsoft.MixedReality.Toolkit.Utilities.Gltf.Serialization.Editor.GltfAssetImporter (assembly: C:\Users\tan-l\Downloads\LTA-Holoapp\Library\ScriptAssemblies\Microsoft.MixedReality.Toolkit.Gltf.Importers.dll), Siccity.GLTFUtility.GLTFImporter (assembly: C:\Users\tan-l\Downloads\LTA-Holoapp\Library\ScriptAssemblies\Siccity.GLTFUtility.Editor.dll) 
UnityEngine.StackTraceUtility:ExtractStackTrace ()
UnityEngine.DebugLogHandler:LogFormat (UnityEngine.LogType,UnityEngine.Object,string,object[])
UnityEngine.Logger:Log (UnityEngine.LogType,object)
UnityEngine.Debug:LogError (object)
UnityEditor.AssetImporters.ScriptedImporter:RegisterScriptedImporters ()

Native extension for WindowsStandalone target not found
Refreshing native plugins compatible for Editor in 9.72 ms, found 35 plugins.
Preloading 2 native plugins for Editor in 0.88 ms.
Mono: successfully reloaded assembly
- Completed reload, in  9.464 seconds
Domain Reload Profiling:
	ReloadAssembly (9466ms)
		BeginReloadAssembly (649ms)
			ExecutionOrderSort (0ms)
			DisableScriptedObjects (23ms)
			BackupInstance (0ms)
			ReleaseScriptingObjects (0ms)
			CreateAndSetChildDomain (165ms)
		EndReloadAssembly (8718ms)
			LoadAssemblies (980ms)
			RebuildTransferFunctionScriptingTraits (0ms)
			SetupTypeCache (1453ms)
			ReleaseScriptCaches (3ms)
			RebuildScriptCaches (224ms)
			SetupLoadedEditorAssemblies (5432ms)
				LogAssemblyErrors (0ms)
				InitializePlatformSupportModulesInManaged (15ms)
				SetLoadedEditorAssemblies (3ms)
				RefreshPlugins (11ms)
				BeforeProcessingInitializeOnLoad (1461ms)
				ProcessInitializeOnLoadAttributes (3845ms)
				ProcessInitializeOnLoadMethodAttributes (66ms)
				AfterProcessingInitializeOnLoad (29ms)
				EditorAssembliesLoaded (1ms)
			ExecutionOrderSort2 (0ms)
			AwakeInstancesAfterBackupRestoration (32ms)
Platform modules already initialized, skipping
Switching build target platform(19) subTarget(0) extendedPlatform(0) -> platform(21) subTarget(3) extendedPlatform(0)
Refreshing native plugins compatible for Editor in 4.29 ms, found 35 plugins.
Preloading 2 native plugins for Editor in 0.61 ms.
Unloading 3979 Unused Serialized files (Serialized files now loaded: 0)
System memory in use before: 180.5 MB.
System memory in use after: 180.7 MB.

Unloading 149 unused Assets to reduce memory usage. Loaded Objects now: 4453.
Total: 10.564300 ms (FindLiveObjects: 0.522100 ms CreateObjectMapping: 0.968800 ms MarkObjects: 8.776300 ms  DeleteObjects: 0.294300 ms)

AssetImportParameters requested are different than current active one (requested -> active):
  custom:framework-win-MediaFoundation: 216162199b28c13a410421893ffa2e32 -> 
  custom:video-decoder-ogg-theora: a1e56fd34408186e4bbccfd4996cb3dc -> 
  custom:container-muxer-webm: aa71ff27fc2769a1b78a27578f13a17b -> 
  custom:container-demuxer-webm: 4f35f7cbe854078d1ac9338744f61a02 -> 
  custom:container-demuxer-ogg: 62fdf1f143b41e24485cea50d1cbac27 -> 
  custom:video-encoder-webm-vp8: eb34c28f22e8b96e1ab97ce403110664 -> 
  custom:video-codec-MediaFoundation-h265: 746d11721c4dcdbdad8f713fa42b33f4 -> 
  custom:video-decoder-webm-vp8: 9c59270c3fd7afecdb556c50c9e8de78 -> 
  custom:audio-decoder-ogg-vorbis: bf7c407c2cedff20999df2af8eb42d56 -> 
  custom:audio-encoder-webm-vorbis: bf7c407c2cedff20999df2af8eb42d56 -> 
========================================================================
Received Import Request.
  Time since last request: 3440.020780 seconds.
  path: Assets/MainMenu.unity
  artifactKey: Guid(4c855881d5f542f4496c9908a0442fc1) Importer(815301076,1909f56bfc062723c751e8b465ee728b)
Start importing Assets/MainMenu.unity using Guid(4c855881d5f542f4496c9908a0442fc1) Importer(815301076,1909f56bfc062723c751e8b465ee728b)  -> (artifact id: '1f5375026c508f50352b2fbee993094a') in 0.057757 seconds 
========================================================================
Received Prepare
Registering precompiled user dll's ...
Registered in 0.184937 seconds.
Begin MonoManager ReloadAssembly
Multiple scripted importers are targeting the extension 'glb' and have all been rejected: Microsoft.MixedReality.Toolkit.Utilities.Gltf.Serialization.Editor.GlbAssetImporter (assembly: C:\Users\tan-l\Downloads\LTA-Holoapp\Library\ScriptAssemblies\Microsoft.MixedReality.Toolkit.Gltf.Importers.dll), Siccity.GLTFUtility.GLBImporter (assembly: C:\Users\tan-l\Downloads\LTA-Holoapp\Library\ScriptAssemblies\Siccity.GLTFUtility.Editor.dll) 
UnityEngine.StackTraceUtility:ExtractStackTrace ()
UnityEngine.DebugLogHandler:LogFormat (UnityEngine.LogType,UnityEngine.Object,string,object[])
UnityEngine.Logger:Log (UnityEngine.LogType,object)
UnityEngine.Debug:LogError (object)
UnityEditor.AssetImporters.ScriptedImporter:RegisterScriptedImporters ()

Multiple scripted importers are targeting the extension 'gltf' and have all been rejected: Microsoft.MixedReality.Toolkit.Utilities.Gltf.Serialization.Editor.GltfAssetImporter (assembly: C:\Users\tan-l\Downloads\LTA-Holoapp\Library\ScriptAssemblies\Microsoft.MixedReality.Toolkit.Gltf.Importers.dll), Siccity.GLTFUtility.GLTFImporter (assembly: C:\Users\tan-l\Downloads\LTA-Holoapp\Library\ScriptAssemblies\Siccity.GLTFUtility.Editor.dll) 
UnityEngine.StackTraceUtility:ExtractStackTrace ()
UnityEngine.DebugLogHandler:LogFormat (UnityEngine.LogType,UnityEngine.Object,string,object[])
UnityEngine.Logger:Log (UnityEngine.LogType,object)
UnityEngine.Debug:LogError (object)
UnityEditor.AssetImporters.ScriptedImporter:RegisterScriptedImporters ()

Native extension for WindowsStandalone target not found
Refreshing native plugins compatible for Editor in 4.91 ms, found 35 plugins.
Preloading 2 native plugins for Editor in 0.40 ms.
Mono: successfully reloaded assembly
- Completed reload, in  6.641 seconds
Domain Reload Profiling:
	ReloadAssembly (6642ms)
		BeginReloadAssembly (261ms)
			ExecutionOrderSort (0ms)
			DisableScriptedObjects (11ms)
			BackupInstance (0ms)
			ReleaseScriptingObjects (0ms)
			CreateAndSetChildDomain (48ms)
		EndReloadAssembly (6133ms)
			LoadAssemblies (768ms)
			RebuildTransferFunctionScriptingTraits (0ms)
			SetupTypeCache (1036ms)
			ReleaseScriptCaches (2ms)
			RebuildScriptCaches (132ms)
			SetupLoadedEditorAssemblies (3784ms)
				LogAssemblyErrors (0ms)
				InitializePlatformSupportModulesInManaged (9ms)
				SetLoadedEditorAssemblies (1ms)
				RefreshPlugins (6ms)
				BeforeProcessingInitializeOnLoad (876ms)
				ProcessInitializeOnLoadAttributes (2839ms)
				ProcessInitializeOnLoadMethodAttributes (41ms)
				AfterProcessingInitializeOnLoad (12ms)
				EditorAssembliesLoaded (1ms)
			ExecutionOrderSort2 (0ms)
			AwakeInstancesAfterBackupRestoration (17ms)
Platform modules already initialized, skipping
Switching build target platform(19) subTarget(0) extendedPlatform(0) -> platform(21) subTarget(3) extendedPlatform(0)
Refreshing native plugins compatible for Editor in 4.53 ms, found 35 plugins.
Preloading 2 native plugins for Editor in 0.46 ms.
Unloading 3979 Unused Serialized files (Serialized files now loaded: 0)
System memory in use before: 180.5 MB.
System memory in use after: 180.7 MB.

Unloading 149 unused Assets to reduce memory usage. Loaded Objects now: 4458.
Total: 10.671100 ms (FindLiveObjects: 0.565500 ms CreateObjectMapping: 0.474200 ms MarkObjects: 9.406100 ms  DeleteObjects: 0.216500 ms)

AssetImportParameters requested are different than current active one (requested -> active):
  custom:framework-win-MediaFoundation: 216162199b28c13a410421893ffa2e32 -> 
  custom:video-decoder-ogg-theora: a1e56fd34408186e4bbccfd4996cb3dc -> 
  custom:container-muxer-webm: aa71ff27fc2769a1b78a27578f13a17b -> 
  custom:container-demuxer-webm: 4f35f7cbe854078d1ac9338744f61a02 -> 
  custom:container-demuxer-ogg: 62fdf1f143b41e24485cea50d1cbac27 -> 
  custom:video-encoder-webm-vp8: eb34c28f22e8b96e1ab97ce403110664 -> 
  custom:video-codec-MediaFoundation-h265: 746d11721c4dcdbdad8f713fa42b33f4 -> 
  custom:video-decoder-webm-vp8: 9c59270c3fd7afecdb556c50c9e8de78 -> 
  custom:audio-decoder-ogg-vorbis: bf7c407c2cedff20999df2af8eb42d56 -> 
  custom:audio-encoder-webm-vorbis: bf7c407c2cedff20999df2af8eb42d56 -> 
========================================================================
Received Prepare
Registering precompiled user dll's ...
Registered in 0.241083 seconds.
Begin MonoManager ReloadAssembly
Multiple scripted importers are targeting the extension 'glb' and have all been rejected: Microsoft.MixedReality.Toolkit.Utilities.Gltf.Serialization.Editor.GlbAssetImporter (assembly: C:\Users\tan-l\Downloads\LTA-Holoapp\Library\ScriptAssemblies\Microsoft.MixedReality.Toolkit.Gltf.Importers.dll), Siccity.GLTFUtility.GLBImporter (assembly: C:\Users\tan-l\Downloads\LTA-Holoapp\Library\ScriptAssemblies\Siccity.GLTFUtility.Editor.dll) 
UnityEngine.StackTraceUtility:ExtractStackTrace ()
UnityEngine.DebugLogHandler:LogFormat (UnityEngine.LogType,UnityEngine.Object,string,object[])
UnityEngine.Logger:Log (UnityEngine.LogType,object)
UnityEngine.Debug:LogError (object)
UnityEditor.AssetImporters.ScriptedImporter:RegisterScriptedImporters ()

Multiple scripted importers are targeting the extension 'gltf' and have all been rejected: Microsoft.MixedReality.Toolkit.Utilities.Gltf.Serialization.Editor.GltfAssetImporter (assembly: C:\Users\tan-l\Downloads\LTA-Holoapp\Library\ScriptAssemblies\Microsoft.MixedReality.Toolkit.Gltf.Importers.dll), Siccity.GLTFUtility.GLTFImporter (assembly: C:\Users\tan-l\Downloads\LTA-Holoapp\Library\ScriptAssemblies\Siccity.GLTFUtility.Editor.dll) 
UnityEngine.StackTraceUtility:ExtractStackTrace ()
UnityEngine.DebugLogHandler:LogFormat (UnityEngine.LogType,UnityEngine.Object,string,object[])
UnityEngine.Logger:Log (UnityEngine.LogType,object)
UnityEngine.Debug:LogError (object)
UnityEditor.AssetImporters.ScriptedImporter:RegisterScriptedImporters ()

Native extension for WindowsStandalone target not found
Refreshing native plugins compatible for Editor in 5.13 ms, found 35 plugins.
Preloading 2 native plugins for Editor in 0.67 ms.
Mono: successfully reloaded assembly
- Completed reload, in  6.341 seconds
Domain Reload Profiling:
	ReloadAssembly (6342ms)
		BeginReloadAssembly (426ms)
			ExecutionOrderSort (0ms)
			DisableScriptedObjects (13ms)
			BackupInstance (0ms)
			ReleaseScriptingObjects (0ms)
			CreateAndSetChildDomain (95ms)
		EndReloadAssembly (5725ms)
			LoadAssemblies (799ms)
			RebuildTransferFunctionScriptingTraits (0ms)
			SetupTypeCache (756ms)
			ReleaseScriptCaches (2ms)
			RebuildScriptCaches (82ms)
			SetupLoadedEditorAssemblies (3273ms)
				LogAssemblyErrors (0ms)
				InitializePlatformSupportModulesInManaged (13ms)
				SetLoadedEditorAssemblies (2ms)
				RefreshPlugins (6ms)
				BeforeProcessingInitializeOnLoad (787ms)
				ProcessInitializeOnLoadAttributes (2219ms)
				ProcessInitializeOnLoadMethodAttributes (119ms)
				AfterProcessingInitializeOnLoad (120ms)
				EditorAssembliesLoaded (5ms)
			ExecutionOrderSort2 (0ms)
			AwakeInstancesAfterBackupRestoration (64ms)
Platform modules already initialized, skipping
Switching build target platform(19) subTarget(0) extendedPlatform(0) -> platform(21) subTarget(3) extendedPlatform(0)
Refreshing native plugins compatible for Editor in 8.74 ms, found 35 plugins.
Preloading 2 native plugins for Editor in 1.14 ms.
Unloading 3979 Unused Serialized files (Serialized files now loaded: 0)
System memory in use before: 180.5 MB.
System memory in use after: 180.7 MB.

Unloading 149 unused Assets to reduce memory usage. Loaded Objects now: 4463.
Total: 8.635700 ms (FindLiveObjects: 0.837600 ms CreateObjectMapping: 0.555800 ms MarkObjects: 6.997400 ms  DeleteObjects: 0.242100 ms)

AssetImportParameters requested are different than current active one (requested -> active):
  custom:framework-win-MediaFoundation: 216162199b28c13a410421893ffa2e32 -> 
  custom:video-decoder-ogg-theora: a1e56fd34408186e4bbccfd4996cb3dc -> 
  custom:container-muxer-webm: aa71ff27fc2769a1b78a27578f13a17b -> 
  custom:container-demuxer-webm: 4f35f7cbe854078d1ac9338744f61a02 -> 
  custom:container-demuxer-ogg: 62fdf1f143b41e24485cea50d1cbac27 -> 
  custom:video-encoder-webm-vp8: eb34c28f22e8b96e1ab97ce403110664 -> 
  custom:video-codec-MediaFoundation-h265: 746d11721c4dcdbdad8f713fa42b33f4 -> 
  custom:video-decoder-webm-vp8: 9c59270c3fd7afecdb556c50c9e8de78 -> 
  custom:audio-decoder-ogg-vorbis: bf7c407c2cedff20999df2af8eb42d56 -> 
  custom:audio-encoder-webm-vorbis: bf7c407c2cedff20999df2af8eb42d56 -> 
========================================================================
Received Prepare
Registering precompiled user dll's ...
Registered in 0.165160 seconds.
Begin MonoManager ReloadAssembly
Multiple scripted importers are targeting the extension 'glb' and have all been rejected: Microsoft.MixedReality.Toolkit.Utilities.Gltf.Serialization.Editor.GlbAssetImporter (assembly: C:\Users\tan-l\Downloads\LTA-Holoapp\Library\ScriptAssemblies\Microsoft.MixedReality.Toolkit.Gltf.Importers.dll), Siccity.GLTFUtility.GLBImporter (assembly: C:\Users\tan-l\Downloads\LTA-Holoapp\Library\ScriptAssemblies\Siccity.GLTFUtility.Editor.dll) 
UnityEngine.StackTraceUtility:ExtractStackTrace ()
UnityEngine.DebugLogHandler:LogFormat (UnityEngine.LogType,UnityEngine.Object,string,object[])
UnityEngine.Logger:Log (UnityEngine.LogType,object)
UnityEngine.Debug:LogError (object)
UnityEditor.AssetImporters.ScriptedImporter:RegisterScriptedImporters ()

Multiple scripted importers are targeting the extension 'gltf' and have all been rejected: Microsoft.MixedReality.Toolkit.Utilities.Gltf.Serialization.Editor.GltfAssetImporter (assembly: C:\Users\tan-l\Downloads\LTA-Holoapp\Library\ScriptAssemblies\Microsoft.MixedReality.Toolkit.Gltf.Importers.dll), Siccity.GLTFUtility.GLTFImporter (assembly: C:\Users\tan-l\Downloads\LTA-Holoapp\Library\ScriptAssemblies\Siccity.GLTFUtility.Editor.dll) 
UnityEngine.StackTraceUtility:ExtractStackTrace ()
UnityEngine.DebugLogHandler:LogFormat (UnityEngine.LogType,UnityEngine.Object,string,object[])
UnityEngine.Logger:Log (UnityEngine.LogType,object)
UnityEngine.Debug:LogError (object)
UnityEditor.AssetImporters.ScriptedImporter:RegisterScriptedImporters ()

Native extension for WindowsStandalone target not found
Refreshing native plugins compatible for Editor in 4.73 ms, found 35 plugins.
Preloading 2 native plugins for Editor in 0.39 ms.
Mono: successfully reloaded assembly
- Completed reload, in  5.660 seconds
Domain Reload Profiling:
	ReloadAssembly (5662ms)
		BeginReloadAssembly (467ms)
			ExecutionOrderSort (0ms)
			DisableScriptedObjects (37ms)
			BackupInstance (0ms)
			ReleaseScriptingObjects (0ms)
			CreateAndSetChildDomain (99ms)
		EndReloadAssembly (4963ms)
			LoadAssemblies (744ms)
			RebuildTransferFunctionScriptingTraits (0ms)
			SetupTypeCache (868ms)
			ReleaseScriptCaches (2ms)
			RebuildScriptCaches (124ms)
			SetupLoadedEditorAssemblies (2928ms)
				LogAssemblyErrors (0ms)
				InitializePlatformSupportModulesInManaged (7ms)
				SetLoadedEditorAssemblies (1ms)
				RefreshPlugins (5ms)
				BeforeProcessingInitializeOnLoad (884ms)
				ProcessInitializeOnLoadAttributes (1986ms)
				ProcessInitializeOnLoadMethodAttributes (31ms)
				AfterProcessingInitializeOnLoad (12ms)
				EditorAssembliesLoaded (1ms)
			ExecutionOrderSort2 (0ms)
			AwakeInstancesAfterBackupRestoration (16ms)
Platform modules already initialized, skipping
Switching build target platform(19) subTarget(0) extendedPlatform(0) -> platform(21) subTarget(3) extendedPlatform(0)
Refreshing native plugins compatible for Editor in 4.43 ms, found 35 plugins.
Preloading 2 native plugins for Editor in 0.78 ms.
Unloading 3979 Unused Serialized files (Serialized files now loaded: 0)
System memory in use before: 180.5 MB.
System memory in use after: 180.7 MB.

Unloading 149 unused Assets to reduce memory usage. Loaded Objects now: 4468.
Total: 9.985900 ms (FindLiveObjects: 0.676700 ms CreateObjectMapping: 0.565400 ms MarkObjects: 8.428900 ms  DeleteObjects: 0.312300 ms)

AssetImportParameters requested are different than current active one (requested -> active):
  custom:framework-win-MediaFoundation: 216162199b28c13a410421893ffa2e32 -> 
  custom:video-decoder-ogg-theora: a1e56fd34408186e4bbccfd4996cb3dc -> 
  custom:container-muxer-webm: aa71ff27fc2769a1b78a27578f13a17b -> 
  custom:container-demuxer-webm: 4f35f7cbe854078d1ac9338744f61a02 -> 
  custom:container-demuxer-ogg: 62fdf1f143b41e24485cea50d1cbac27 -> 
  custom:video-encoder-webm-vp8: eb34c28f22e8b96e1ab97ce403110664 -> 
  custom:video-codec-MediaFoundation-h265: 746d11721c4dcdbdad8f713fa42b33f4 -> 
  custom:video-decoder-webm-vp8: 9c59270c3fd7afecdb556c50c9e8de78 -> 
  custom:audio-decoder-ogg-vorbis: bf7c407c2cedff20999df2af8eb42d56 -> 
  custom:audio-encoder-webm-vorbis: bf7c407c2cedff20999df2af8eb42d56 -> 
========================================================================
Received Prepare
Registering precompiled user dll's ...
Registered in 0.158759 seconds.
Begin MonoManager ReloadAssembly
Multiple scripted importers are targeting the extension 'glb' and have all been rejected: Microsoft.MixedReality.Toolkit.Utilities.Gltf.Serialization.Editor.GlbAssetImporter (assembly: C:\Users\tan-l\Downloads\LTA-Holoapp\Library\ScriptAssemblies\Microsoft.MixedReality.Toolkit.Gltf.Importers.dll), Siccity.GLTFUtility.GLBImporter (assembly: C:\Users\tan-l\Downloads\LTA-Holoapp\Library\ScriptAssemblies\Siccity.GLTFUtility.Editor.dll) 
UnityEngine.StackTraceUtility:ExtractStackTrace ()
UnityEngine.DebugLogHandler:LogFormat (UnityEngine.LogType,UnityEngine.Object,string,object[])
UnityEngine.Logger:Log (UnityEngine.LogType,object)
UnityEngine.Debug:LogError (object)
UnityEditor.AssetImporters.ScriptedImporter:RegisterScriptedImporters ()

Multiple scripted importers are targeting the extension 'gltf' and have all been rejected: Microsoft.MixedReality.Toolkit.Utilities.Gltf.Serialization.Editor.GltfAssetImporter (assembly: C:\Users\tan-l\Downloads\LTA-Holoapp\Library\ScriptAssemblies\Microsoft.MixedReality.Toolkit.Gltf.Importers.dll), Siccity.GLTFUtility.GLTFImporter (assembly: C:\Users\tan-l\Downloads\LTA-Holoapp\Library\ScriptAssemblies\Siccity.GLTFUtility.Editor.dll) 
UnityEngine.StackTraceUtility:ExtractStackTrace ()
UnityEngine.DebugLogHandler:LogFormat (UnityEngine.LogType,UnityEngine.Object,string,object[])
UnityEngine.Logger:Log (UnityEngine.LogType,object)
UnityEngine.Debug:LogError (object)
UnityEditor.AssetImporters.ScriptedImporter:RegisterScriptedImporters ()

Native extension for WindowsStandalone target not found
Refreshing native plugins compatible for Editor in 4.26 ms, found 35 plugins.
Preloading 2 native plugins for Editor in 0.69 ms.
Mono: successfully reloaded assembly
- Completed reload, in  6.048 seconds
Domain Reload Profiling:
	ReloadAssembly (6049ms)
		BeginReloadAssembly (370ms)
			ExecutionOrderSort (0ms)
			DisableScriptedObjects (8ms)
			BackupInstance (0ms)
			ReleaseScriptingObjects (0ms)
			CreateAndSetChildDomain (61ms)
		EndReloadAssembly (5477ms)
			LoadAssemblies (801ms)
			RebuildTransferFunctionScriptingTraits (0ms)
			SetupTypeCache (1105ms)
			ReleaseScriptCaches (2ms)
			RebuildScriptCaches (257ms)
			SetupLoadedEditorAssemblies (2890ms)
				LogAssemblyErrors (0ms)
				InitializePlatformSupportModulesInManaged (10ms)
				SetLoadedEditorAssemblies (2ms)
				RefreshPlugins (5ms)
				BeforeProcessingInitializeOnLoad (875ms)
				ProcessInitializeOnLoadAttributes (1960ms)
				ProcessInitializeOnLoadMethodAttributes (27ms)
				AfterProcessingInitializeOnLoad (9ms)
				EditorAssembliesLoaded (1ms)
			ExecutionOrderSort2 (0ms)
			AwakeInstancesAfterBackupRestoration (21ms)
Platform modules already initialized, skipping
Switching build target platform(19) subTarget(0) extendedPlatform(0) -> platform(21) subTarget(3) extendedPlatform(0)
Refreshing native plugins compatible for Editor in 5.19 ms, found 35 plugins.
Preloading 2 native plugins for Editor in 0.45 ms.
Unloading 3979 Unused Serialized files (Serialized files now loaded: 0)
System memory in use before: 180.6 MB.
System memory in use after: 180.7 MB.

Unloading 149 unused Assets to reduce memory usage. Loaded Objects now: 4473.
Total: 10.542500 ms (FindLiveObjects: 0.558500 ms CreateObjectMapping: 0.470700 ms MarkObjects: 9.015200 ms  DeleteObjects: 0.493800 ms)

AssetImportParameters requested are different than current active one (requested -> active):
  custom:framework-win-MediaFoundation: 216162199b28c13a410421893ffa2e32 -> 
  custom:video-decoder-ogg-theora: a1e56fd34408186e4bbccfd4996cb3dc -> 
  custom:container-muxer-webm: aa71ff27fc2769a1b78a27578f13a17b -> 
  custom:container-demuxer-webm: 4f35f7cbe854078d1ac9338744f61a02 -> 
  custom:container-demuxer-ogg: 62fdf1f143b41e24485cea50d1cbac27 -> 
  custom:video-encoder-webm-vp8: eb34c28f22e8b96e1ab97ce403110664 -> 
  custom:video-codec-MediaFoundation-h265: 746d11721c4dcdbdad8f713fa42b33f4 -> 
  custom:video-decoder-webm-vp8: 9c59270c3fd7afecdb556c50c9e8de78 -> 
  custom:audio-decoder-ogg-vorbis: bf7c407c2cedff20999df2af8eb42d56 -> 
  custom:audio-encoder-webm-vorbis: bf7c407c2cedff20999df2af8eb42d56 -> 
========================================================================
Received Prepare
Registering precompiled user dll's ...
Registered in 0.128373 seconds.
Begin MonoManager ReloadAssembly
Multiple scripted importers are targeting the extension 'glb' and have all been rejected: Microsoft.MixedReality.Toolkit.Utilities.Gltf.Serialization.Editor.GlbAssetImporter (assembly: C:\Users\tan-l\Downloads\LTA-Holoapp\Library\ScriptAssemblies\Microsoft.MixedReality.Toolkit.Gltf.Importers.dll), Siccity.GLTFUtility.GLBImporter (assembly: C:\Users\tan-l\Downloads\LTA-Holoapp\Library\ScriptAssemblies\Siccity.GLTFUtility.Editor.dll) 
UnityEngine.StackTraceUtility:ExtractStackTrace ()
UnityEngine.DebugLogHandler:LogFormat (UnityEngine.LogType,UnityEngine.Object,string,object[])
UnityEngine.Logger:Log (UnityEngine.LogType,object)
UnityEngine.Debug:LogError (object)
UnityEditor.AssetImporters.ScriptedImporter:RegisterScriptedImporters ()

Multiple scripted importers are targeting the extension 'gltf' and have all been rejected: Microsoft.MixedReality.Toolkit.Utilities.Gltf.Serialization.Editor.GltfAssetImporter (assembly: C:\Users\tan-l\Downloads\LTA-Holoapp\Library\ScriptAssemblies\Microsoft.MixedReality.Toolkit.Gltf.Importers.dll), Siccity.GLTFUtility.GLTFImporter (assembly: C:\Users\tan-l\Downloads\LTA-Holoapp\Library\ScriptAssemblies\Siccity.GLTFUtility.Editor.dll) 
UnityEngine.StackTraceUtility:ExtractStackTrace ()
UnityEngine.DebugLogHandler:LogFormat (UnityEngine.LogType,UnityEngine.Object,string,object[])
UnityEngine.Logger:Log (UnityEngine.LogType,object)
UnityEngine.Debug:LogError (object)
UnityEditor.AssetImporters.ScriptedImporter:RegisterScriptedImporters ()

Native extension for WindowsStandalone target not found
Refreshing native plugins compatible for Editor in 3.57 ms, found 35 plugins.
Preloading 2 native plugins for Editor in 0.38 ms.
Mono: successfully reloaded assembly
- Completed reload, in  5.119 seconds
Domain Reload Profiling:
	ReloadAssembly (5120ms)
		BeginReloadAssembly (332ms)
			ExecutionOrderSort (0ms)
			DisableScriptedObjects (12ms)
			BackupInstance (0ms)
			ReleaseScriptingObjects (0ms)
			CreateAndSetChildDomain (86ms)
		EndReloadAssembly (4608ms)
			LoadAssemblies (676ms)
			RebuildTransferFunctionScriptingTraits (0ms)
			SetupTypeCache (629ms)
			ReleaseScriptCaches (1ms)
			RebuildScriptCaches (101ms)
			SetupLoadedEditorAssemblies (2958ms)
				LogAssemblyErrors (0ms)
				InitializePlatformSupportModulesInManaged (7ms)
				SetLoadedEditorAssemblies (1ms)
				RefreshPlugins (4ms)
				BeforeProcessingInitializeOnLoad (592ms)
				ProcessInitializeOnLoadAttributes (2303ms)
				ProcessInitializeOnLoadMethodAttributes (35ms)
				AfterProcessingInitializeOnLoad (14ms)
				EditorAssembliesLoaded (1ms)
			ExecutionOrderSort2 (0ms)
			AwakeInstancesAfterBackupRestoration (18ms)
Platform modules already initialized, skipping
Switching build target platform(19) subTarget(0) extendedPlatform(0) -> platform(21) subTarget(3) extendedPlatform(0)
Refreshing native plugins compatible for Editor in 8.38 ms, found 35 plugins.
Preloading 2 native plugins for Editor in 1.04 ms.
Unloading 3979 Unused Serialized files (Serialized files now loaded: 0)
System memory in use before: 180.6 MB.
System memory in use after: 180.7 MB.

Unloading 149 unused Assets to reduce memory usage. Loaded Objects now: 4478.
Total: 15.873700 ms (FindLiveObjects: 1.586500 ms CreateObjectMapping: 1.105600 ms MarkObjects: 12.680600 ms  DeleteObjects: 0.495600 ms)

AssetImportParameters requested are different than current active one (requested -> active):
  custom:framework-win-MediaFoundation: 216162199b28c13a410421893ffa2e32 -> 
  custom:video-decoder-ogg-theora: a1e56fd34408186e4bbccfd4996cb3dc -> 
  custom:container-muxer-webm: aa71ff27fc2769a1b78a27578f13a17b -> 
  custom:container-demuxer-webm: 4f35f7cbe854078d1ac9338744f61a02 -> 
  custom:container-demuxer-ogg: 62fdf1f143b41e24485cea50d1cbac27 -> 
  custom:video-encoder-webm-vp8: eb34c28f22e8b96e1ab97ce403110664 -> 
  custom:video-codec-MediaFoundation-h265: 746d11721c4dcdbdad8f713fa42b33f4 -> 
  custom:video-decoder-webm-vp8: 9c59270c3fd7afecdb556c50c9e8de78 -> 
  custom:audio-decoder-ogg-vorbis: bf7c407c2cedff20999df2af8eb42d56 -> 
  custom:audio-encoder-webm-vorbis: bf7c407c2cedff20999df2af8eb42d56 -> 
========================================================================
Received Prepare
Registering precompiled user dll's ...
Registered in 0.154049 seconds.
Begin MonoManager ReloadAssembly
Multiple scripted importers are targeting the extension 'glb' and have all been rejected: Microsoft.MixedReality.Toolkit.Utilities.Gltf.Serialization.Editor.GlbAssetImporter (assembly: C:\Users\tan-l\Downloads\LTA-Holoapp\Library\ScriptAssemblies\Microsoft.MixedReality.Toolkit.Gltf.Importers.dll), Siccity.GLTFUtility.GLBImporter (assembly: C:\Users\tan-l\Downloads\LTA-Holoapp\Library\ScriptAssemblies\Siccity.GLTFUtility.Editor.dll) 
UnityEngine.StackTraceUtility:ExtractStackTrace ()
UnityEngine.DebugLogHandler:LogFormat (UnityEngine.LogType,UnityEngine.Object,string,object[])
UnityEngine.Logger:Log (UnityEngine.LogType,object)
UnityEngine.Debug:LogError (object)
UnityEditor.AssetImporters.ScriptedImporter:RegisterScriptedImporters ()

Multiple scripted importers are targeting the extension 'gltf' and have all been rejected: Microsoft.MixedReality.Toolkit.Utilities.Gltf.Serialization.Editor.GltfAssetImporter (assembly: C:\Users\tan-l\Downloads\LTA-Holoapp\Library\ScriptAssemblies\Microsoft.MixedReality.Toolkit.Gltf.Importers.dll), Siccity.GLTFUtility.GLTFImporter (assembly: C:\Users\tan-l\Downloads\LTA-Holoapp\Library\ScriptAssemblies\Siccity.GLTFUtility.Editor.dll) 
UnityEngine.StackTraceUtility:ExtractStackTrace ()
UnityEngine.DebugLogHandler:LogFormat (UnityEngine.LogType,UnityEngine.Object,string,object[])
UnityEngine.Logger:Log (UnityEngine.LogType,object)
UnityEngine.Debug:LogError (object)
UnityEditor.AssetImporters.ScriptedImporter:RegisterScriptedImporters ()

Native extension for WindowsStandalone target not found
Refreshing native plugins compatible for Editor in 3.84 ms, found 35 plugins.
Preloading 2 native plugins for Editor in 0.53 ms.
Mono: successfully reloaded assembly
- Completed reload, in  5.146 seconds
Domain Reload Profiling:
	ReloadAssembly (5147ms)
		BeginReloadAssembly (220ms)
			ExecutionOrderSort (0ms)
			DisableScriptedObjects (6ms)
			BackupInstance (0ms)
			ReleaseScriptingObjects (0ms)
			CreateAndSetChildDomain (55ms)
		EndReloadAssembly (4827ms)
			LoadAssemblies (365ms)
			RebuildTransferFunctionScriptingTraits (0ms)
			SetupTypeCache (585ms)
			ReleaseScriptCaches (2ms)
			RebuildScriptCaches (493ms)
			SetupLoadedEditorAssemblies (2878ms)
				LogAssemblyErrors (0ms)
				InitializePlatformSupportModulesInManaged (5ms)
				SetLoadedEditorAssemblies (1ms)
				RefreshPlugins (5ms)
				BeforeProcessingInitializeOnLoad (792ms)
				ProcessInitializeOnLoadAttributes (2038ms)
				ProcessInitializeOnLoadMethodAttributes (24ms)
				AfterProcessingInitializeOnLoad (12ms)
				EditorAssembliesLoaded (1ms)
			ExecutionOrderSort2 (0ms)
			AwakeInstancesAfterBackupRestoration (27ms)
Platform modules already initialized, skipping
Switching build target platform(19) subTarget(0) extendedPlatform(0) -> platform(21) subTarget(3) extendedPlatform(0)
Refreshing native plugins compatible for Editor in 4.65 ms, found 35 plugins.
Preloading 2 native plugins for Editor in 0.35 ms.
Unloading 3979 Unused Serialized files (Serialized files now loaded: 0)
System memory in use before: 180.6 MB.
System memory in use after: 180.8 MB.

Unloading 149 unused Assets to reduce memory usage. Loaded Objects now: 4483.
Total: 8.118200 ms (FindLiveObjects: 0.575400 ms CreateObjectMapping: 0.568400 ms MarkObjects: 6.749600 ms  DeleteObjects: 0.222700 ms)

AssetImportParameters requested are different than current active one (requested -> active):
  custom:framework-win-MediaFoundation: 216162199b28c13a410421893ffa2e32 -> 
  custom:video-decoder-ogg-theora: a1e56fd34408186e4bbccfd4996cb3dc -> 
  custom:container-muxer-webm: aa71ff27fc2769a1b78a27578f13a17b -> 
  custom:container-demuxer-webm: 4f35f7cbe854078d1ac9338744f61a02 -> 
  custom:container-demuxer-ogg: 62fdf1f143b41e24485cea50d1cbac27 -> 
  custom:video-encoder-webm-vp8: eb34c28f22e8b96e1ab97ce403110664 -> 
  custom:video-codec-MediaFoundation-h265: 746d11721c4dcdbdad8f713fa42b33f4 -> 
  custom:video-decoder-webm-vp8: 9c59270c3fd7afecdb556c50c9e8de78 -> 
  custom:audio-decoder-ogg-vorbis: bf7c407c2cedff20999df2af8eb42d56 -> 
  custom:audio-encoder-webm-vorbis: bf7c407c2cedff20999df2af8eb42d56 -> 
========================================================================
Received Prepare
Registering precompiled user dll's ...
Registered in 0.100392 seconds.
Begin MonoManager ReloadAssembly
Multiple scripted importers are targeting the extension 'glb' and have all been rejected: Microsoft.MixedReality.Toolkit.Utilities.Gltf.Serialization.Editor.GlbAssetImporter (assembly: C:\Users\tan-l\Downloads\LTA-Holoapp\Library\ScriptAssemblies\Microsoft.MixedReality.Toolkit.Gltf.Importers.dll), Siccity.GLTFUtility.GLBImporter (assembly: C:\Users\tan-l\Downloads\LTA-Holoapp\Library\ScriptAssemblies\Siccity.GLTFUtility.Editor.dll) 
UnityEngine.StackTraceUtility:ExtractStackTrace ()
UnityEngine.DebugLogHandler:LogFormat (UnityEngine.LogType,UnityEngine.Object,string,object[])
UnityEngine.Logger:Log (UnityEngine.LogType,object)
UnityEngine.Debug:LogError (object)
UnityEditor.AssetImporters.ScriptedImporter:RegisterScriptedImporters ()

Multiple scripted importers are targeting the extension 'gltf' and have all been rejected: Microsoft.MixedReality.Toolkit.Utilities.Gltf.Serialization.Editor.GltfAssetImporter (assembly: C:\Users\tan-l\Downloads\LTA-Holoapp\Library\ScriptAssemblies\Microsoft.MixedReality.Toolkit.Gltf.Importers.dll), Siccity.GLTFUtility.GLTFImporter (assembly: C:\Users\tan-l\Downloads\LTA-Holoapp\Library\ScriptAssemblies\Siccity.GLTFUtility.Editor.dll) 
UnityEngine.StackTraceUtility:ExtractStackTrace ()
UnityEngine.DebugLogHandler:LogFormat (UnityEngine.LogType,UnityEngine.Object,string,object[])
UnityEngine.Logger:Log (UnityEngine.LogType,object)
UnityEngine.Debug:LogError (object)
UnityEditor.AssetImporters.ScriptedImporter:RegisterScriptedImporters ()

Native extension for WindowsStandalone target not found
Refreshing native plugins compatible for Editor in 10.13 ms, found 35 plugins.
Preloading 2 native plugins for Editor in 0.83 ms.
Mono: successfully reloaded assembly
- Completed reload, in  5.054 seconds
Domain Reload Profiling:
	ReloadAssembly (5056ms)
		BeginReloadAssembly (332ms)
			ExecutionOrderSort (0ms)
			DisableScriptedObjects (22ms)
			BackupInstance (0ms)
			ReleaseScriptingObjects (0ms)
			CreateAndSetChildDomain (81ms)
		EndReloadAssembly (4542ms)
			LoadAssemblies (463ms)
			RebuildTransferFunctionScriptingTraits (0ms)
			SetupTypeCache (832ms)
			ReleaseScriptCaches (1ms)
			RebuildScriptCaches (70ms)
			SetupLoadedEditorAssemblies (2650ms)
				LogAssemblyErrors (0ms)
				InitializePlatformSupportModulesInManaged (14ms)
				SetLoadedEditorAssemblies (2ms)
				RefreshPlugins (11ms)
				BeforeProcessingInitializeOnLoad (933ms)
				ProcessInitializeOnLoadAttributes (1662ms)
				ProcessInitializeOnLoadMethodAttributes (19ms)
				AfterProcessingInitializeOnLoad (8ms)
				EditorAssembliesLoaded (1ms)
			ExecutionOrderSort2 (0ms)
			AwakeInstancesAfterBackupRestoration (15ms)
Platform modules already initialized, skipping
Switching build target platform(19) subTarget(0) extendedPlatform(0) -> platform(21) subTarget(3) extendedPlatform(0)
Refreshing native plugins compatible for Editor in 4.80 ms, found 35 plugins.
Preloading 2 native plugins for Editor in 0.48 ms.
Unloading 3979 Unused Serialized files (Serialized files now loaded: 0)
System memory in use before: 180.6 MB.
System memory in use after: 180.8 MB.

Unloading 149 unused Assets to reduce memory usage. Loaded Objects now: 4488.
Total: 8.950600 ms (FindLiveObjects: 0.928200 ms CreateObjectMapping: 0.577500 ms MarkObjects: 7.166600 ms  DeleteObjects: 0.275800 ms)

AssetImportParameters requested are different than current active one (requested -> active):
  custom:framework-win-MediaFoundation: 216162199b28c13a410421893ffa2e32 -> 
  custom:video-decoder-ogg-theora: a1e56fd34408186e4bbccfd4996cb3dc -> 
  custom:container-muxer-webm: aa71ff27fc2769a1b78a27578f13a17b -> 
  custom:container-demuxer-webm: 4f35f7cbe854078d1ac9338744f61a02 -> 
  custom:container-demuxer-ogg: 62fdf1f143b41e24485cea50d1cbac27 -> 
  custom:video-encoder-webm-vp8: eb34c28f22e8b96e1ab97ce403110664 -> 
  custom:video-codec-MediaFoundation-h265: 746d11721c4dcdbdad8f713fa42b33f4 -> 
  custom:video-decoder-webm-vp8: 9c59270c3fd7afecdb556c50c9e8de78 -> 
  custom:audio-decoder-ogg-vorbis: bf7c407c2cedff20999df2af8eb42d56 -> 
  custom:audio-encoder-webm-vorbis: bf7c407c2cedff20999df2af8eb42d56 -> 
========================================================================
Received Prepare
Registering precompiled user dll's ...
Registered in 0.168353 seconds.
Begin MonoManager ReloadAssembly
Multiple scripted importers are targeting the extension 'glb' and have all been rejected: Microsoft.MixedReality.Toolkit.Utilities.Gltf.Serialization.Editor.GlbAssetImporter (assembly: C:\Users\tan-l\Downloads\LTA-Holoapp\Library\ScriptAssemblies\Microsoft.MixedReality.Toolkit.Gltf.Importers.dll), Siccity.GLTFUtility.GLBImporter (assembly: C:\Users\tan-l\Downloads\LTA-Holoapp\Library\ScriptAssemblies\Siccity.GLTFUtility.Editor.dll) 
UnityEngine.StackTraceUtility:ExtractStackTrace ()
UnityEngine.DebugLogHandler:LogFormat (UnityEngine.LogType,UnityEngine.Object,string,object[])
UnityEngine.Logger:Log (UnityEngine.LogType,object)
UnityEngine.Debug:LogError (object)
UnityEditor.AssetImporters.ScriptedImporter:RegisterScriptedImporters ()

Multiple scripted importers are targeting the extension 'gltf' and have all been rejected: Microsoft.MixedReality.Toolkit.Utilities.Gltf.Serialization.Editor.GltfAssetImporter (assembly: C:\Users\tan-l\Downloads\LTA-Holoapp\Library\ScriptAssemblies\Microsoft.MixedReality.Toolkit.Gltf.Importers.dll), Siccity.GLTFUtility.GLTFImporter (assembly: C:\Users\tan-l\Downloads\LTA-Holoapp\Library\ScriptAssemblies\Siccity.GLTFUtility.Editor.dll) 
UnityEngine.StackTraceUtility:ExtractStackTrace ()
UnityEngine.DebugLogHandler:LogFormat (UnityEngine.LogType,UnityEngine.Object,string,object[])
UnityEngine.Logger:Log (UnityEngine.LogType,object)
UnityEngine.Debug:LogError (object)
UnityEditor.AssetImporters.ScriptedImporter:RegisterScriptedImporters ()

Native extension for WindowsStandalone target not found
Refreshing native plugins compatible for Editor in 7.40 ms, found 35 plugins.
Preloading 2 native plugins for Editor in 0.55 ms.
Mono: successfully reloaded assembly
- Completed reload, in  6.213 seconds
Domain Reload Profiling:
	ReloadAssembly (6214ms)
		BeginReloadAssembly (476ms)
			ExecutionOrderSort (0ms)
			DisableScriptedObjects (14ms)
			BackupInstance (0ms)
			ReleaseScriptingObjects (0ms)
			CreateAndSetChildDomain (93ms)
		EndReloadAssembly (5568ms)
			LoadAssemblies (670ms)
			RebuildTransferFunctionScriptingTraits (0ms)
			SetupTypeCache (853ms)
			ReleaseScriptCaches (2ms)
			RebuildScriptCaches (155ms)
			SetupLoadedEditorAssemblies (3434ms)
				LogAssemblyErrors (0ms)
				InitializePlatformSupportModulesInManaged (11ms)
				SetLoadedEditorAssemblies (1ms)
				RefreshPlugins (8ms)
				BeforeProcessingInitializeOnLoad (962ms)
				ProcessInitializeOnLoadAttributes (2387ms)
				ProcessInitializeOnLoadMethodAttributes (42ms)
				AfterProcessingInitializeOnLoad (20ms)
				EditorAssembliesLoaded (3ms)
			ExecutionOrderSort2 (0ms)
			AwakeInstancesAfterBackupRestoration (23ms)
Platform modules already initialized, skipping
Switching build target platform(19) subTarget(0) extendedPlatform(0) -> platform(21) subTarget(3) extendedPlatform(0)
Refreshing native plugins compatible for Editor in 5.53 ms, found 35 plugins.
Preloading 2 native plugins for Editor in 0.53 ms.
Unloading 3979 Unused Serialized files (Serialized files now loaded: 0)
System memory in use before: 180.6 MB.
System memory in use after: 180.8 MB.

Unloading 149 unused Assets to reduce memory usage. Loaded Objects now: 4493.
Total: 10.873100 ms (FindLiveObjects: 0.915100 ms CreateObjectMapping: 0.775600 ms MarkObjects: 8.742600 ms  DeleteObjects: 0.436100 ms)

AssetImportParameters requested are different than current active one (requested -> active):
  custom:framework-win-MediaFoundation: 216162199b28c13a410421893ffa2e32 -> 
  custom:video-decoder-ogg-theora: a1e56fd34408186e4bbccfd4996cb3dc -> 
  custom:container-muxer-webm: aa71ff27fc2769a1b78a27578f13a17b -> 
  custom:container-demuxer-webm: 4f35f7cbe854078d1ac9338744f61a02 -> 
  custom:container-demuxer-ogg: 62fdf1f143b41e24485cea50d1cbac27 -> 
  custom:video-encoder-webm-vp8: eb34c28f22e8b96e1ab97ce403110664 -> 
  custom:video-codec-MediaFoundation-h265: 746d11721c4dcdbdad8f713fa42b33f4 -> 
  custom:video-decoder-webm-vp8: 9c59270c3fd7afecdb556c50c9e8de78 -> 
  custom:audio-decoder-ogg-vorbis: bf7c407c2cedff20999df2af8eb42d56 -> 
  custom:audio-encoder-webm-vorbis: bf7c407c2cedff20999df2af8eb42d56 -> 
AssetImportWorkerClient::OnTransportError - code=2 error=End of file
